app/manifest-merger-release-report.txt
-- Merging decision tree log ---
manifest
ADDED from AndroidManifest.xml:2:1
	xmlns:android
		ADDED from AndroidManifest.xml:2:11
	package
		ADDED from AndroidManifest.xml:3:5
		INJECTED from AndroidManifest.xml:0:0
		INJECTED from AndroidManifest.xml:0:0
	android:versionName
		INJECTED from AndroidManifest.xml:0:0
		INJECTED from AndroidManifest.xml:0:0
	android:versionCode
		INJECTED from AndroidManifest.xml:0:0
		INJECTED from AndroidManifest.xml:0:0
uses-permission#android.permission.AUTHENTICATE_ACCOUNTS
ADDED from AndroidManifest.xml:26:5
	android:name
		ADDED from AndroidManifest.xml:26:22
uses-permission#android.permission.INTERNET
ADDED from AndroidManifest.xml:27:5
	android:name
		ADDED from AndroidManifest.xml:27:22
uses-permission#android.permission.READ_SYNC_SETTINGS
ADDED from AndroidManifest.xml:28:5
	android:name
		ADDED from AndroidManifest.xml:28:22
uses-permission#android.permission.WRITE_SYNC_SETTINGS
ADDED from AndroidManifest.xml:29:5
	android:name
		ADDED from AndroidManifest.xml:29:22
uses-permission#com.google.android.c2dm.permission.RECEIVE
ADDED from AndroidManifest.xml:34:5
	android:name
		ADDED from AndroidManifest.xml:34:22
uses-permission#android.permission.WAKE_LOCK
ADDED from AndroidManifest.xml:35:5
	android:name
		ADDED from AndroidManifest.xml:35:22
permission#nl.frankkie.convention.permission.C2D_MESSAGE
ADDED from AndroidManifest.xml:37:5
	android:protectionLevel
		ADDED from AndroidManifest.xml:39:9
	android:name
		ADDED from AndroidManifest.xml:38:9
uses-permission#nl.frankkie.convention.permission.C2D_MESSAGE
ADDED from AndroidManifest.xml:40:5
	android:name
		ADDED from AndroidManifest.xml:40:22
application
ADDED from AndroidManifest.xml:42:5
MERGED from com.android.support:appcompat-v7:21.0.2:16:5
MERGED from com.android.support:support-v4:21.0.2:16:5
MERGED from com.android.support:support-v4:21.0.2:16:5
MERGED from com.google.android.gms:play-services:6.5.87:20:5
MERGED from com.android.support:support-v4:21.0.2:16:5
	android:label
		ADDED from AndroidManifest.xml:45:9
	android:allowBackup
		ADDED from AndroidManifest.xml:43:9
	android:icon
		ADDED from AndroidManifest.xml:44:9
	android:theme
		ADDED from AndroidManifest.xml:46:9
activity#nl.frankkie.convention.EventListActivity
ADDED from AndroidManifest.xml:48:9
	android:label
		ADDED from AndroidManifest.xml:50:13
	android:name
		ADDED from AndroidManifest.xml:49:13
intent-filter#android.intent.action.MAIN+android.intent.category.LAUNCHER
ADDED from AndroidManifest.xml:51:13
action#android.intent.action.MAIN
ADDED from AndroidManifest.xml:52:17
	android:name
		ADDED from AndroidManifest.xml:52:25
category#android.intent.category.LAUNCHER
ADDED from AndroidManifest.xml:53:17
	android:name
		ADDED from AndroidManifest.xml:53:27
activity#nl.frankkie.convention.EventDetailActivity
ADDED from AndroidManifest.xml:56:9
	android:label
		ADDED from AndroidManifest.xml:58:13
	android:parentActivityName
		ADDED from AndroidManifest.xml:59:13
	android:name
		ADDED from AndroidManifest.xml:57:13
meta-data#android.support.PARENT_ACTIVITY
ADDED from AndroidManifest.xml:60:13
	android:name
		ADDED from AndroidManifest.xml:61:17
	android:value
		ADDED from AndroidManifest.xml:62:17
activity#nl.frankkie.convention.AboutActivity
ADDED from AndroidManifest.xml:65:9
	android:label
		ADDED from AndroidManifest.xml:67:13
	android:name
		ADDED from AndroidManifest.xml:66:13
activity#nl.frankkie.convention.MapActivity
ADDED from AndroidManifest.xml:73:9
	android:label
		ADDED from AndroidManifest.xml:76:13
	android:configChanges
		ADDED from AndroidManifest.xml:75:13
	android:name
		ADDED from AndroidManifest.xml:74:13
activity#nl.frankkie.convention.ScheduleActivity
ADDED from AndroidManifest.xml:77:9
	android:label
		ADDED from AndroidManifest.xml:79:13
	android:name
		ADDED from AndroidManifest.xml:78:13
provider#nl.frankkie.convention.data.EventProvider
ADDED from AndroidManifest.xml:81:9
	android:syncable
		ADDED from AndroidManifest.xml:85:13
	android:exported
		ADDED from AndroidManifest.xml:84:13
	android:authorities
		ADDED from AndroidManifest.xml:83:13
	android:name
		ADDED from AndroidManifest.xml:82:13
service#nl.frankkie.convention.sync.ConventionAuthenticatorService
ADDED from AndroidManifest.xml:88:9
	android:exported
		ADDED from AndroidManifest.xml:90:13
	android:name
		ADDED from AndroidManifest.xml:89:13
intent-filter#android.accounts.AccountAuthenticator
ADDED from AndroidManifest.xml:91:13
action#android.accounts.AccountAuthenticator
ADDED from AndroidManifest.xml:92:17
	android:name
		ADDED from AndroidManifest.xml:92:25
meta-data#android.accounts.AccountAuthenticator
ADDED from AndroidManifest.xml:94:13
	android:resource
		ADDED from AndroidManifest.xml:96:17
	android:name
		ADDED from AndroidManifest.xml:95:17
service#nl.frankkie.convention.sync.ConventionSyncService
ADDED from AndroidManifest.xml:101:9
	android:exported
		ADDED from AndroidManifest.xml:103:13
	android:name
		ADDED from AndroidManifest.xml:102:13
intent-filter#android.content.SyncAdapter
ADDED from AndroidManifest.xml:104:13
action#android.content.SyncAdapter
ADDED from AndroidManifest.xml:105:17
	android:name
		ADDED from AndroidManifest.xml:105:25
meta-data#android.content.SyncAdapter
ADDED from AndroidManifest.xml:107:13
	android:resource
		ADDED from AndroidManifest.xml:109:17
	android:name
		ADDED from AndroidManifest.xml:108:17
meta-data#com.google.android.gms.version
ADDED from AndroidManifest.xml:115:9
MERGED from com.google.android.gms:play-services:6.5.87:21:9
	android:name
		ADDED from AndroidManifest.xml:116:13
	android:value
		ADDED from AndroidManifest.xml:117:13
receiver#nl.frankkie.convention.GcmBroadcastReceiver
ADDED from AndroidManifest.xml:120:9
	android:permission
		ADDED from AndroidManifest.xml:122:13
	android:name
		ADDED from AndroidManifest.xml:121:13
intent-filter#com.google.android.c2dm.intent.RECEIVE+nl.frankkie.convention
ADDED from AndroidManifest.xml:123:13
action#com.google.android.c2dm.intent.RECEIVE
ADDED from AndroidManifest.xml:124:17
	android:name
		ADDED from AndroidManifest.xml:124:25
category#nl.frankkie.convention
ADDED from AndroidManifest.xml:125:17
	android:name
		ADDED from AndroidManifest.xml:125:27
service#nl.frankkie.convention.GcmIntentService
ADDED from AndroidManifest.xml:128:9
	android:name
		ADDED from AndroidManifest.xml:128:18
uses-sdk
INJECTED from AndroidManifest.xml:0:0 reason: use-sdk injection requested
MERGED from com.android.support:appcompat-v7:21.0.2:15:5
MERGED from com.android.support:support-v4:21.0.2:15:5
MERGED from com.android.support:support-v4:21.0.2:15:5
MERGED from com.google.android.gms:play-services:6.5.87:18:5
MERGED from com.android.support:support-v4:21.0.2:15:5
	android:targetSdkVersion
		INJECTED from AndroidManifest.xml:0:0
		INJECTED from AndroidManifest.xml:0:0
	android:minSdkVersion
		INJECTED from AndroidManifest.xml:0:0
		INJECTED from AndroidManifest.xml:0:0